This is pdfTeX, Version 3.14159265-2.6-1.40.19 (TeX Live 2018) (preloaded format=pdflatex 2019.1.18)  21 SEP 2020 22:57
entering extended mode
 restricted \write18 enabled.
 %&-line parsing enabled.
**documentation.tex
(./documentation.tex
LaTeX2e <2018-04-01> patch level 2
Babel <3.18> and hyphenation patterns for 84 language(s) loaded.
(/usr/local/texlive/2018/texmf-dist/tex/latex/base/article.cls
Document Class: article 2014/09/29 v1.4h Standard LaTeX document class
(/usr/local/texlive/2018/texmf-dist/tex/latex/base/size12.clo
File: size12.clo 2014/09/29 v1.4h Standard LaTeX file (size option)
)
\c@part=\count80
\c@section=\count81
\c@subsection=\count82
\c@subsubsection=\count83
\c@paragraph=\count84
\c@subparagraph=\count85
\c@figure=\count86
\c@table=\count87
\abovecaptionskip=\skip41
\belowcaptionskip=\skip42
\bibindent=\dimen102
)
(/usr/local/texlive/2018/texmf-dist/tex/latex/base/fontenc.sty
Package: fontenc 2017/04/05 v2.0i Standard LaTeX package

(/usr/local/texlive/2018/texmf-dist/tex/latex/base/t1enc.def
File: t1enc.def 2017/04/05 v2.0i Standard LaTeX file
LaTeX Font Info:    Redeclaring font encoding T1 on input line 48.
))
(/usr/local/texlive/2018/texmf-dist/tex/latex/base/inputenc.sty
Package: inputenc 2018/04/06 v1.3b Input encoding file
\inpenc@prehook=\toks14
\inpenc@posthook=\toks15
)
(/usr/local/texlive/2018/texmf-dist/tex/generic/babel/babel.sty
Package: babel 2018/02/14 3.18 The Babel package

(/usr/local/texlive/2018/texmf-dist/tex/generic/babel/switch.def
File: switch.def 2018/02/14 3.18 Babel switching mechanism
)
(/usr/local/texlive/2018/texmf-dist/tex/generic/babel-italian/italian.ldf
Language: italian 2015/03/26 v1.3n Italian support from the babel system

(/usr/local/texlive/2018/texmf-dist/tex/generic/babel/babel.def
File: babel.def 2018/02/14 3.18 Babel common definitions
\babel@savecnt=\count88
\U@D=\dimen103

(/usr/local/texlive/2018/texmf-dist/tex/generic/babel/txtbabel.def)
\bbl@dirlevel=\count89
)
\it@lettering=\count90
\it@doublequoteactive=\count91
\it@ISOcompliance=\count92
))
(/usr/local/texlive/2018/texmf-dist/tex/latex/etoolbox/etoolbox.sty
Package: etoolbox 2018/02/11 v2.5e e-TeX tools for LaTeX (JAW)
\etb@tempcnta=\count93
)
(/usr/local/texlive/2018/texmf-dist/tex/latex/geometry/geometry.sty
Package: geometry 2018/03/24 v5.7 Page Geometry

(/usr/local/texlive/2018/texmf-dist/tex/latex/graphics/keyval.sty
Package: keyval 2014/10/28 v1.15 key=value parser (DPC)
\KV@toks@=\toks16
)
(/usr/local/texlive/2018/texmf-dist/tex/generic/oberdiek/ifpdf.sty
Package: ifpdf 2017/03/15 v3.2 Provides the ifpdf switch
)
(/usr/local/texlive/2018/texmf-dist/tex/generic/oberdiek/ifvtex.sty
Package: ifvtex 2016/05/16 v1.6 Detect VTeX and its facilities (HO)
Package ifvtex Info: VTeX not detected.
)
(/usr/local/texlive/2018/texmf-dist/tex/generic/ifxetex/ifxetex.sty
Package: ifxetex 2010/09/12 v0.6 Provides ifxetex conditional
)
\Gm@cnth=\count94
\Gm@cntv=\count95
\c@Gm@tempcnt=\count96
\Gm@bindingoffset=\dimen104
\Gm@wd@mp=\dimen105
\Gm@odd@mp=\dimen106
\Gm@even@mp=\dimen107
\Gm@layoutwidth=\dimen108
\Gm@layoutheight=\dimen109
\Gm@layouthoffset=\dimen110
\Gm@layoutvoffset=\dimen111
\Gm@dimlist=\toks17
)
(/usr/local/texlive/2018/texmf-dist/tex/latex/graphics/graphicx.sty
Package: graphicx 2017/06/01 v1.1a Enhanced LaTeX Graphics (DPC,SPQR)

(/usr/local/texlive/2018/texmf-dist/tex/latex/graphics/graphics.sty
Package: graphics 2017/06/25 v1.2c Standard LaTeX Graphics (DPC,SPQR)

(/usr/local/texlive/2018/texmf-dist/tex/latex/graphics/trig.sty
Package: trig 2016/01/03 v1.10 sin cos tan (DPC)
)
(/usr/local/texlive/2018/texmf-dist/tex/latex/graphics-cfg/graphics.cfg
File: graphics.cfg 2016/06/04 v1.11 sample graphics configuration
)
Package graphics Info: Driver file: pdftex.def on input line 99.

(/usr/local/texlive/2018/texmf-dist/tex/latex/graphics-def/pdftex.def
File: pdftex.def 2018/01/08 v1.0l Graphics/color driver for pdftex
))
\Gin@req@height=\dimen112
\Gin@req@width=\dimen113
)
(/usr/local/texlive/2018/texmf-dist/tex/latex/wrapfig/wrapfig.sty
\wrapoverhang=\dimen114
\WF@size=\dimen115
\c@WF@wrappedlines=\count97
\WF@box=\box26
\WF@everypar=\toks18
Package: wrapfig 2003/01/31  v 3.6
)
(/usr/local/texlive/2018/texmf-dist/tex/latex/csquotes/csquotes.sty
Package: csquotes 2018/02/11 v5.2c context-sensitive quotations (JAW)
\csq@reset=\count98
\csq@gtype=\count99
\csq@glevel=\count100
\csq@qlevel=\count101
\csq@maxlvl=\count102
\csq@tshold=\count103
\csq@ltx@everypar=\toks19

(/usr/local/texlive/2018/texmf-dist/tex/latex/csquotes/csquotes.def
File: csquotes.def 2018/02/11 v5.2c csquotes generic definitions (JAW)
)
Package csquotes Info: Trying to load configuration file 'csquotes.cfg'...
Package csquotes Info: ... configuration file loaded successfully.

(/usr/local/texlive/2018/texmf-dist/tex/latex/csquotes/csquotes.cfg
File: csquotes.cfg 
))
(/usr/local/texlive/2018/texmf-dist/tex/latex/makecell/makecell.sty
Package: makecell 2009/08/03 V0.1e Managing of Tab Column Heads and Cells

(/usr/local/texlive/2018/texmf-dist/tex/latex/tools/array.sty
Package: array 2018/04/07 v2.4g Tabular extension package (FMi)
\col@sep=\dimen116
\ar@mcellbox=\box27
\extrarowheight=\dimen117
\NC@list=\toks20
\extratabsurround=\skip43
\backup@length=\skip44
\ar@cellbox=\box28
)
\rotheadsize=\dimen118
\c@nlinenum=\count104
\TeXr@lab=\toks21
)
(/usr/local/texlive/2018/texmf-dist/tex/latex/comment/comment.sty
\CommentStream=\write3

Excluding comment 'comment')
Package csquotes Info: Checking for multilingual support...
Package csquotes Info: ... found 'babel' package.
Package csquotes Info: Adjusting default style.
Package csquotes Info: Redefining alias 'default' -> 'italian'.
 (./documentation.aux)
\openout1 = `documentation.aux'.

LaTeX Font Info:    Checking defaults for OML/cmm/m/it on input line 15.
LaTeX Font Info:    ... okay on input line 15.
LaTeX Font Info:    Checking defaults for T1/cmr/m/n on input line 15.
LaTeX Font Info:    ... okay on input line 15.
LaTeX Font Info:    Checking defaults for OT1/cmr/m/n on input line 15.
LaTeX Font Info:    ... okay on input line 15.
LaTeX Font Info:    Checking defaults for OMS/cmsy/m/n on input line 15.
LaTeX Font Info:    ... okay on input line 15.
LaTeX Font Info:    Checking defaults for OMX/cmex/m/n on input line 15.
LaTeX Font Info:    ... okay on input line 15.
LaTeX Font Info:    Checking defaults for U/cmr/m/n on input line 15.
LaTeX Font Info:    ... okay on input line 15.
LaTeX Info: Redefining \it@ocap on input line 15.
LaTeX Info: Redefining \it@ccap on input line 15.

*geometry* driver: auto-detecting
*geometry* detected driver: pdftex
*geometry* verbose mode - [ preamble ] result:
* driver: pdftex
* paper: a4paper
* layout: <same size as paper>
* layoutoffset:(h,v)=(0.0pt,0.0pt)
* modes: 
* h-part:(L,W,R)=(56.9055pt, 483.69687pt, 56.9055pt)
* v-part:(T,H,B)=(101.40665pt, 591.5302pt, 152.11pt)
* \paperwidth=597.50787pt
* \paperheight=845.04684pt
* \textwidth=483.69687pt
* \textheight=591.5302pt
* \oddsidemargin=-15.36449pt
* \evensidemargin=-15.36449pt
* \topmargin=-7.86334pt
* \headheight=12.0pt
* \headsep=25.0pt
* \topskip=12.0pt
* \footskip=30.0pt
* \marginparwidth=35.0pt
* \marginparsep=10.0pt
* \columnsep=10.0pt
* \skip\footins=10.8pt plus 4.0pt minus 2.0pt
* \hoffset=0.0pt
* \voffset=0.0pt
* \mag=1000
* \@twocolumnfalse
* \@twosidefalse
* \@mparswitchfalse
* \@reversemarginfalse
* (1in=72.27pt=25.4mm, 1cm=28.453pt)

(/usr/local/texlive/2018/texmf-dist/tex/context/base/mkii/supp-pdf.mkii
[Loading MPS to PDF converter (version 2006.09.02).]
\scratchcounter=\count105
\scratchdimen=\dimen119
\scratchbox=\box29
\nofMPsegments=\count106
\nofMParguments=\count107
\everyMPshowfont=\toks22
\MPscratchCnt=\count108
\MPscratchDim=\dimen120
\MPnumerator=\count109
\makeMPintoPDFobject=\count110
\everyMPtoPDFconversion=\toks23
) (/usr/local/texlive/2018/texmf-dist/tex/latex/oberdiek/epstopdf-base.sty
Package: epstopdf-base 2016/05/15 v2.6 Base part for package epstopdf

(/usr/local/texlive/2018/texmf-dist/tex/generic/oberdiek/infwarerr.sty
Package: infwarerr 2016/05/16 v1.4 Providing info/warning/error messages (HO)
)
(/usr/local/texlive/2018/texmf-dist/tex/latex/oberdiek/grfext.sty
Package: grfext 2016/05/16 v1.2 Manage graphics extensions (HO)

(/usr/local/texlive/2018/texmf-dist/tex/generic/oberdiek/kvdefinekeys.sty
Package: kvdefinekeys 2016/05/16 v1.4 Define keys (HO)

(/usr/local/texlive/2018/texmf-dist/tex/generic/oberdiek/ltxcmds.sty
Package: ltxcmds 2016/05/16 v1.23 LaTeX kernel commands for general use (HO)
)))
(/usr/local/texlive/2018/texmf-dist/tex/latex/oberdiek/kvoptions.sty
Package: kvoptions 2016/05/16 v3.12 Key value format for package options (HO)

(/usr/local/texlive/2018/texmf-dist/tex/generic/oberdiek/kvsetkeys.sty
Package: kvsetkeys 2016/05/16 v1.17 Key value parser (HO)

(/usr/local/texlive/2018/texmf-dist/tex/generic/oberdiek/etexcmds.sty
Package: etexcmds 2016/05/16 v1.6 Avoid name clashes with e-TeX commands (HO)

(/usr/local/texlive/2018/texmf-dist/tex/generic/oberdiek/ifluatex.sty
Package: ifluatex 2016/05/16 v1.4 Provides the ifluatex switch (HO)
Package ifluatex Info: LuaTeX not detected.
)
Package etexcmds Info: Could not find \expanded.
(etexcmds)             That can mean that you are not using pdfTeX 1.50 or
(etexcmds)             that some package has redefined \expanded.
(etexcmds)             In the latter case, load this package earlier.
)))
(/usr/local/texlive/2018/texmf-dist/tex/generic/oberdiek/pdftexcmds.sty
Package: pdftexcmds 2018/01/30 v0.27 Utility functions of pdfTeX for LuaTeX (HO
)
Package pdftexcmds Info: LuaTeX not detected.
Package pdftexcmds Info: \pdf@primitive is available.
Package pdftexcmds Info: \pdf@ifprimitive is available.
Package pdftexcmds Info: \pdfdraftmode found.
)
Package epstopdf-base Info: Redefining graphics rule for `.eps' on input line 4
38.
Package grfext Info: Graphics extension search list:
(grfext)             [.pdf,.png,.jpg,.mps,.jpeg,.jbig2,.jb2,.PDF,.PNG,.JPG,.JPE
G,.JBIG2,.JB2,.eps]
(grfext)             \AppendGraphicsExtensions on input line 456.

(/usr/local/texlive/2018/texmf-dist/tex/latex/latexconfig/epstopdf-sys.cfg
File: epstopdf-sys.cfg 2010/07/13 v1.3 Configuration of (r)epstopdf for TeX Liv
e
))
<images/univr_logo.png, id=1, 255.95625pt x 191.9672pt>
File: images/univr_logo.png Graphic file (type png)
<use images/univr_logo.png>
Package pdftex.def Info: images/univr_logo.png  used on input line 21.
(pdftex.def)             Requested size: 127.9778pt x 95.98335pt.

[1

{/usr/local/texlive/2018/texmf-var/fonts/map/pdftex/updmap/pdftex.map} <./image
s/univr_logo.png>] (./documentation.toc
LaTeX Font Info:    External font `cmex10' loaded for size
(Font)              <12> on input line 12.
LaTeX Font Info:    External font `cmex10' loaded for size
(Font)              <8> on input line 12.
LaTeX Font Info:    External font `cmex10' loaded for size
(Font)              <6> on input line 12.
)
\tf@toc=\write4
\openout4 = `documentation.toc'.

 [1] [2]
LaTeX Font Info:    Try loading font information for OMS+cmr on input line 60.

(/usr/local/texlive/2018/texmf-dist/tex/latex/base/omscmr.fd
File: omscmr.fd 2014/09/29 v2.5h Standard LaTeX font definitions
)
LaTeX Font Info:    Font shape `OMS/cmr/m/n' in size <12> not available
(Font)              Font shape `OMS/cmsy/m/n' tried instead on input line 60.
<images/UseCaseDiagrams/EmployeeDiagram.png, id=21, 675.52374pt x 452.69125pt>
File: images/UseCaseDiagrams/EmployeeDiagram.png Graphic file (type png)
<use images/UseCaseDiagrams/EmployeeDiagram.png>
Package pdftex.def Info: images/UseCaseDiagrams/EmployeeDiagram.png  used on in
put line 67.
(pdftex.def)             Requested size: 270.20471pt x 181.07329pt.
 [3 <./images/UseCaseDiagrams/EmployeeDiagram.png>]
<images/UseCaseDiagrams/UserDiagram.png, id=29, 715.67375pt x 452.69125pt>
File: images/UseCaseDiagrams/UserDiagram.png Graphic file (type png)
<use images/UseCaseDiagrams/UserDiagram.png>
Package pdftex.def Info: images/UseCaseDiagrams/UserDiagram.png  used on input 
line 73.
(pdftex.def)             Requested size: 286.26442pt x 181.07329pt.
<images/UseCaseDiagrams/UserNotRegistredDiagram.png, id=30, 459.7175pt x 377.41
pt>
File: images/UseCaseDiagrams/UserNotRegistredDiagram.png Graphic file (type png
)
<use images/UseCaseDiagrams/UserNotRegistredDiagram.png>
Package pdftex.def Info: images/UseCaseDiagrams/UserNotRegistredDiagram.png  us
ed on input line 79.
(pdftex.def)             Requested size: 183.88373pt x 150.96132pt.
 [4 <./images/UseCaseDiagrams/UserDiagram.png> <./images/UseCaseDiagrams/UserNo
tRegistredDiagram.png>]
Overfull \hbox (0.80956pt too wide) in paragraph at lines 87--103
[][] 
 []

[5]
LaTeX Font Info:    Try loading font information for T1+cmtt on input line 132.

 (/usr/local/texlive/2018/texmf-dist/tex/latex/base/t1cmtt.fd
File: t1cmtt.fd 2014/09/29 v2.5h Standard LaTeX font definitions
)
Overfull \hbox (9.69907pt too wide) in paragraph at lines 104--139
[][] 
 []

[6]
Overfull \hbox (4.17102pt too wide) in paragraph at lines 140--166
[][] 
 []

[7]
Overfull \hbox (21.03075pt too wide) in paragraph at lines 167--187
[][] 
 []

[8]
Overfull \hbox (9.56862pt too wide) in paragraph at lines 188--218
[][] 
 []

[9] [10]
Overfull \hbox (11.44418pt too wide) in paragraph at lines 236--262
[][] 
 []

[11]
Overfull \hbox (34.56375pt too wide) in paragraph at lines 263--285
[][] 
 []

[12]
Overfull \hbox (3.87122pt too wide) in paragraph at lines 286--325
[] 
 []

[13] [14]
Overfull \hbox (34.2873pt too wide) in paragraph at lines 361--402
[][]
 []

[15] [16]
<images/ActivityDiagrams/RegistraUtente.png, id=75, 566.115pt x 462.72874pt>
File: images/ActivityDiagrams/RegistraUtente.png Graphic file (type png)
<use images/ActivityDiagrams/RegistraUtente.png>
Package pdftex.def Info: images/ActivityDiagrams/RegistraUtente.png  used on in
put line 407.
(pdftex.def)             Requested size: 226.44199pt x 185.08821pt.
<images/ActivityDiagrams/InserimentoLibro.png, id=76, 863.225pt x 552.0625pt>
File: images/ActivityDiagrams/InserimentoLibro.png Graphic file (type png)
<use images/ActivityDiagrams/InserimentoLibro.png>
Package pdftex.def Info: images/ActivityDiagrams/InserimentoLibro.png  used on 
input line 412.
(pdftex.def)             Requested size: 345.28389pt x 220.82108pt.
 [17 <./images/ActivityDiagrams/RegistraUtente.png> <./images/ActivityDiagrams/
InserimentoLibro.png>]
<images/ActivityDiagrams/RicercaLibroCard.png, id=82, 566.115pt x 462.72874pt>
File: images/ActivityDiagrams/RicercaLibroCard.png Graphic file (type png)
<use images/ActivityDiagrams/RicercaLibroCard.png>
Package pdftex.def Info: images/ActivityDiagrams/RicercaLibroCard.png  used on 
input line 418.
(pdftex.def)             Requested size: 254.74939pt x 208.22601pt.
<images/ActivityDiagrams/ModificaLibro.png, id=83, 581.17125pt x 570.13pt>
File: images/ActivityDiagrams/ModificaLibro.png Graphic file (type png)
<use images/ActivityDiagrams/ModificaLibro.png>
Package pdftex.def Info: images/ActivityDiagrams/ModificaLibro.png  used on inp
ut line 423.
(pdftex.def)             Requested size: 261.52464pt x 256.55614pt.
 [18 <./images/ActivityDiagrams/RicercaLibroCard.png> <./images/ActivityDiagram
s/ModificaLibro.png>]
<images/ActivityDiagrams/RegistraDipendente.png, id=90, 526.96875pt x 452.69125
pt>
File: images/ActivityDiagrams/RegistraDipendente.png Graphic file (type png)
<use images/ActivityDiagrams/RegistraDipendente.png>
Package pdftex.def Info: images/ActivityDiagrams/RegistraDipendente.png  used o
n input line 429.
(pdftex.def)             Requested size: 263.48372pt x 226.34506pt.
<images/ActivityDiagrams/CreazioneOrdineUtente.png, id=91, 367.3725pt x 477.785
pt>
File: images/ActivityDiagrams/CreazioneOrdineUtente.png Graphic file (type png)

<use images/ActivityDiagrams/CreazioneOrdineUtente.png>
Package pdftex.def Info: images/ActivityDiagrams/CreazioneOrdineUtente.png  use
d on input line 434.
(pdftex.def)             Requested size: 202.05548pt x 262.78256pt.
 [19 <./images/ActivityDiagrams/RegistraDipendente.png> <./images/ActivityDiagr
ams/CreazioneOrdineUtente.png>]
<images/ActivityDiagrams/CreazioneOrdineUtenteNonReg.png, id=97, 403.5075pt x 4
77.785pt>
File: images/ActivityDiagrams/CreazioneOrdineUtenteNonReg.png Graphic file (typ
e png)
<use images/ActivityDiagrams/CreazioneOrdineUtenteNonReg.png>
Package pdftex.def Info: images/ActivityDiagrams/CreazioneOrdineUtenteNonReg.pn
g  used on input line 440.
(pdftex.def)             Requested size: 201.75325pt x 238.8919pt.
 [20 <./images/ActivityDiagrams/CreazioneOrdineUtenteNonReg.png>]
<images/ClassDiagrams/UtilsClassDiagram.png, id=102, 2294.5725pt x 768.8725pt>
File: images/ClassDiagrams/UtilsClassDiagram.png Graphic file (type png)
<use images/ClassDiagrams/UtilsClassDiagram.png>
Package pdftex.def Info: images/ClassDiagrams/UtilsClassDiagram.png  used on in
put line 448.
(pdftex.def)             Requested size: 458.90637pt x 153.77177pt.
<images/ClassDiagrams/ModelClassDiagram.png, id=103, 2577.63pt x 644.4075pt>
File: images/ClassDiagrams/ModelClassDiagram.png Graphic file (type png)
<use images/ClassDiagrams/ModelClassDiagram.png>
Package pdftex.def Info: images/ClassDiagrams/ModelClassDiagram.png  used on in
put line 453.
(pdftex.def)             Requested size: 515.51688pt x 128.87921pt.

Overfull \hbox (31.82pt too wide) in paragraph at lines 453--454
 [][] 
 []

<images/ClassDiagrams/ControllerClassDiagram.png, id=104, 4137.4575pt x 857.202
5pt>
File: images/ClassDiagrams/ControllerClassDiagram.png Graphic file (type png)
<use images/ClassDiagrams/ControllerClassDiagram.png>
Package pdftex.def Info: images/ClassDiagrams/ControllerClassDiagram.png  used 
on input line 458.
(pdftex.def)             Requested size: 537.88837pt x 111.44023pt.

Overfull \hbox (54.1915pt too wide) in paragraph at lines 458--459
 [][] 
 []


LaTeX Warning: `!h' float specifier changed to `!ht'.

[21 <./images/ClassDiagrams/UtilsClassDiagram.png (PNG copy)> <./images/ClassDi
agrams/ModelClassDiagram.png (PNG copy)>]
<images/ClassDiagrams/ViewClassDiagram.png, id=108, 1660.2025pt x 1401.235pt>
File: images/ClassDiagrams/ViewClassDiagram.png Graphic file (type png)
<use images/ClassDiagrams/ViewClassDiagram.png>
Package pdftex.def Info: images/ClassDiagrams/ViewClassDiagram.png  used on inp
ut line 464.
(pdftex.def)             Requested size: 332.03462pt x 280.24203pt.
 [22 <./images/ClassDiagrams/ControllerClassDiagram.png (PNG copy)> <./images/C
lassDiagrams/ViewClassDiagram.png (PNG copy)>]
<images/SequenceDiagrams/UserLogin.png, id=112, 850.17625pt x 1036.87375pt>
File: images/SequenceDiagrams/UserLogin.png Graphic file (type png)
<use images/SequenceDiagrams/UserLogin.png>
Package pdftex.def Info: images/SequenceDiagrams/UserLogin.png  used on input l
ine 472.
(pdftex.def)             Requested size: 382.57578pt x 466.58888pt.
 [23 <./images/SequenceDiagrams/UserLogin.png>]
<images/SequenceDiagrams/EmployeeLogin.png, id=117, 920.43875pt x 1036.87375pt>

File: images/SequenceDiagrams/EmployeeLogin.png Graphic file (type png)
<use images/SequenceDiagrams/EmployeeLogin.png>
Package pdftex.def Info: images/SequenceDiagrams/EmployeeLogin.png  used on inp
ut line 478.
(pdftex.def)             Requested size: 460.21825pt x 518.43561pt.
 [24 <./images/SequenceDiagrams/EmployeeLogin.png>]
<images/SequenceDiagrams/InserimentoLibro.png, id=123, 1409.265pt x 1057.9525pt
>
File: images/SequenceDiagrams/InserimentoLibro.png Graphic file (type png)
<use images/SequenceDiagrams/InserimentoLibro.png>
Package pdftex.def Info: images/SequenceDiagrams/InserimentoLibro.png  used on 
input line 484.
(pdftex.def)             Requested size: 493.25015pt x 370.28893pt.

Overfull \hbox (9.55328pt too wide) in paragraph at lines 484--485
 [][] 
 []

[25 <./images/SequenceDiagrams/InserimentoLibro.png>]
<images/SequenceDiagrams/AggiornamentoDati.png, id=128, 1454.43375pt x 1005.757
5pt>
File: images/SequenceDiagrams/AggiornamentoDati.png Graphic file (type png)
<use images/SequenceDiagrams/AggiornamentoDati.png>
Package pdftex.def Info: images/SequenceDiagrams/AggiornamentoDati.png  used on
 input line 490.
(pdftex.def)             Requested size: 509.05945pt x 352.0204pt.

Overfull \hbox (25.36258pt too wide) in paragraph at lines 490--491
 [][] 
 []

[26 <./images/SequenceDiagrams/AggiornamentoDati.png>]
<images/SequenceDiagrams/AggiuntaLibro.png, id=133, 1248.665pt x 1157.32375pt>
File: images/SequenceDiagrams/AggiuntaLibro.png Graphic file (type png)
<use images/SequenceDiagrams/AggiuntaLibro.png>
Package pdftex.def Info: images/SequenceDiagrams/AggiuntaLibro.png  used on inp
ut line 496.
(pdftex.def)             Requested size: 437.03929pt x 405.06938pt.
 [27 <./images/SequenceDiagrams/AggiuntaLibro.png>]
<images/SequenceDiagrams/CreazioneOrdine.png, id=138, 1406.25375pt x 1028.84375
pt>
File: images/SequenceDiagrams/CreazioneOrdine.png Graphic file (type png)
<use images/SequenceDiagrams/CreazioneOrdine.png>
Package pdftex.def Info: images/SequenceDiagrams/CreazioneOrdine.png  used on i
nput line 502.
(pdftex.def)             Requested size: 492.19618pt x 360.10071pt.

Overfull \hbox (8.49931pt too wide) in paragraph at lines 502--503
 [][] 
 []

[28 <./images/SequenceDiagrams/CreazioneOrdine.png>]
<images/SequenceDiagrams/AggiuntaEmployee.png, id=143, 1610.015pt x 1299.85625p
t>
File: images/SequenceDiagrams/AggiuntaEmployee.png Graphic file (type png)
<use images/SequenceDiagrams/AggiuntaEmployee.png>
Package pdftex.def Info: images/SequenceDiagrams/AggiuntaEmployee.png  used on 
input line 508.
(pdftex.def)             Requested size: 515.21533pt x 415.9625pt.

Overfull \hbox (31.51846pt too wide) in paragraph at lines 508--509
 [][] 
 []

[29 <./images/SequenceDiagrams/AggiuntaEmployee.png>]
<images/MVCPattern.png, id=148, 396.48125pt x 378.41376pt>
File: images/MVCPattern.png Graphic file (type png)
<use images/MVCPattern.png>
Package pdftex.def Info: images/MVCPattern.png  used on input line 525.
(pdftex.def)             Requested size: 158.58968pt x 151.36281pt.


LaTeX Warning: `!h' float specifier changed to `!ht'.

[30]
Underfull \hbox (badness 10000) in paragraph at lines 532--535

 []

[31 <./images/MVCPattern.png>] [32] [33] (./documentation.aux) ) 
Here is how much of TeX's memory you used:
 4041 strings out of 492649
 59410 string characters out of 6129622
 146477 words of memory out of 5000000
 7824 multiletter control sequences out of 15000+600000
 14899 words of font info for 35 fonts, out of 8000000 for 9000
 1141 hyphenation exceptions out of 8191
 41i,14n,25p,1024b,226s stack positions out of 5000i,500n,10000p,200000b,80000s
{/usr/local/tex
live/2018/texmf-dist/fonts/enc/dvips/cm-super/cm-super-t1.enc}</usr/local/texli
ve/2018/texmf-dist/fonts/type1/public/amsfonts/cm/cmsy10.pfb></usr/local/texliv
e/2018/texmf-dist/fonts/type1/public/cm-super/sfbx1200.pfb></usr/local/texlive/
2018/texmf-dist/fonts/type1/public/cm-super/sfbx1440.pfb></usr/local/texlive/20
18/texmf-dist/fonts/type1/public/cm-super/sfbx1728.pfb></usr/local/texlive/2018
/texmf-dist/fonts/type1/public/cm-super/sfbx2488.pfb></usr/local/texlive/2018/t
exmf-dist/fonts/type1/public/cm-super/sfcc2074.pfb></usr/local/texlive/2018/tex
mf-dist/fonts/type1/public/cm-super/sfrm1200.pfb></usr/local/texlive/2018/texmf
-dist/fonts/type1/public/cm-super/sfrm1440.pfb></usr/local/texlive/2018/texmf-d
ist/fonts/type1/public/cm-super/sfrm1728.pfb></usr/local/texlive/2018/texmf-dis
t/fonts/type1/public/cm-super/sfti1200.pfb></usr/local/texlive/2018/texmf-dist/
fonts/type1/public/cm-super/sftt1200.pfb>
Output written on documentation.pdf (34 pages, 1738917 bytes).
PDF statistics:
 201 PDF objects out of 1000 (max. 8388607)
 111 compressed objects within 2 object streams
 0 named destinations out of 1000 (max. 500000)
 116 words of extra memory for PDF output out of 10000 (max. 10000000)

